[     685ms] [LOG] [Fast Refresh] rebuilding @ http://localhost:3000/_next/static/chunks/0ia0_next_dist_0s2j5~~._.js:2431
[     880ms] [LOG] [Fast Refresh] done in 375ms @ http://localhost:3000/_next/static/chunks/0ia0_next_dist_0s2j5~~._.js:2431
[    1125ms] [INFO] %cDownload the React DevTools for a better development experience: https://react.dev/link/react-devtools font-weight:bold @ http://localhost:3000/_next/static/chunks/0ia0_next_dist_0s2j5~~._.js:2431
[    1277ms] [LOG] [HMR] connected @ http://localhost:3000/_next/static/chunks/0ia0_next_dist_0s2j5~~._.js:2431
[    2100ms] [LOG] [Fast Refresh] rebuilding @ http://localhost:3000/_next/static/chunks/0ia0_next_dist_0s2j5~~._.js:2431
[    2248ms] [LOG] [Fast Refresh] done in 250ms @ http://localhost:3000/_next/static/chunks/0ia0_next_dist_0s2j5~~._.js:2431
[    6981ms] [LOG] [Fast Refresh] rebuilding @ http://localhost:3000/_next/static/chunks/0ia0_next_dist_0s2j5~~._.js:2431
[    7113ms] [LOG] [Fast Refresh] done in 233ms @ http://localhost:3000/_next/static/chunks/0ia0_next_dist_0s2j5~~._.js:2431
[   19098ms] [LOG] [Fast Refresh] rebuilding @ http://localhost:3000/_next/static/chunks/0ia0_next_dist_0s2j5~~._.js:2431
[   27340ms] [LOG] [Fast Refresh] done in 8341ms @ http://localhost:3000/_next/static/chunks/0ia0_next_dist_0s2j5~~._.js:2431
[   27824ms] [LOG] [Fast Refresh] rebuilding @ http://localhost:3000/_next/static/chunks/0ia0_next_dist_0s2j5~~._.js:2431
[   28262ms] [LOG] [Fast Refresh] done in 547ms @ http://localhost:3000/_next/static/chunks/0ia0_next_dist_0s2j5~~._.js:2431
[   46164ms] [LOG] [Fast Refresh] rebuilding @ http://localhost:3000/_next/static/chunks/0ia0_next_dist_0s2j5~~._.js:2431
[   46450ms] [LOG] [Fast Refresh] done in 388ms @ http://localhost:3000/_next/static/chunks/0ia0_next_dist_0s2j5~~._.js:2431
[   47664ms] [LOG] [Fast Refresh] rebuilding @ http://localhost:3000/_next/static/chunks/0ia0_next_dist_0s2j5~~._.js:2431
[   47686ms] [LOG] [Fast Refresh] done in 124ms @ http://localhost:3000/_next/static/chunks/0ia0_next_dist_0s2j5~~._.js:2431
[   50375ms] [LOG] [Fast Refresh] rebuilding @ http://localhost:3000/_next/static/chunks/0ia0_next_dist_0s2j5~~._.js:2431
[   50598ms] [LOG] [Fast Refresh] done in 326ms @ http://localhost:3000/_next/static/chunks/0ia0_next_dist_0s2j5~~._.js:2431
[   53319ms] [LOG] [Fast Refresh] rebuilding @ http://localhost:3000/_next/static/chunks/0ia0_next_dist_0s2j5~~._.js:2431
[   55139ms] [LOG] [Fast Refresh] done in 1921ms @ http://localhost:3000/_next/static/chunks/0ia0_next_dist_0s2j5~~._.js:2431
[   55386ms] [LOG] [Fast Refresh] rebuilding @ http://localhost:3000/_next/static/chunks/0ia0_next_dist_0s2j5~~._.js:2431
[   55586ms] [LOG] [Fast Refresh] done in 302ms @ http://localhost:3000/_next/static/chunks/0ia0_next_dist_0s2j5~~._.js:2431
[   57463ms] [LOG] [Fast Refresh] rebuilding @ http://localhost:3000/_next/static/chunks/0ia0_next_dist_0s2j5~~._.js:2431
[   57523ms] [LOG] [Fast Refresh] done in 161ms @ http://localhost:3000/_next/static/chunks/0ia0_next_dist_0s2j5~~._.js:2431
