[     332ms] [LOG] [Fast Refresh] rebuilding @ http://localhost:3000/_next/static/chunks/0ia0_next_dist_0s2j5~~._.js:2431
[     451ms] [LOG] [Fast Refresh] done in 221ms @ http://localhost:3000/_next/static/chunks/0ia0_next_dist_0s2j5~~._.js:2431
[     553ms] [LOG] [Fast Refresh] rebuilding @ http://localhost:3000/_next/static/chunks/0ia0_next_dist_0s2j5~~._.js:2431
[     568ms] [LOG] [Fast Refresh] done in 117ms @ http://localhost:3000/_next/static/chunks/0ia0_next_dist_0s2j5~~._.js:2431
[    1969ms] [INFO] %cDownload the React DevTools for a better development experience: https://react.dev/link/react-devtools font-weight:bold @ http://localhost:3000/_next/static/chunks/0ia0_next_dist_0s2j5~~._.js:2431
[    2093ms] [LOG] [HMR] connected @ http://localhost:3000/_next/static/chunks/0ia0_next_dist_0s2j5~~._.js:2431
[    2243ms] [LOG] [Fast Refresh] rebuilding @ http://localhost:3000/_next/static/chunks/0ia0_next_dist_0s2j5~~._.js:2431
[    2387ms] [LOG] [Fast Refresh] done in 252ms @ http://localhost:3000/_next/static/chunks/0ia0_next_dist_0s2j5~~._.js:2431
[    2759ms] [LOG] [Fast Refresh] rebuilding @ http://localhost:3000/_next/static/chunks/0ia0_next_dist_0s2j5~~._.js:2431
[    2935ms] [LOG] [Fast Refresh] done in 278ms @ http://localhost:3000/_next/static/chunks/0ia0_next_dist_0s2j5~~._.js:2431
[    7692ms] [LOG] [Fast Refresh] rebuilding @ http://localhost:3000/_next/static/chunks/0ia0_next_dist_0s2j5~~._.js:2431
[    7716ms] [LOG] [Fast Refresh] done in 125ms @ http://localhost:3000/_next/static/chunks/0ia0_next_dist_0s2j5~~._.js:2431
[  150029ms] [LOG] [Fast Refresh] rebuilding @ http://localhost:3000/_next/static/chunks/0ia0_next_dist_0s2j5~~._.js:2431
[  150180ms] [LOG] [Fast Refresh] done in 253ms @ http://localhost:3000/_next/static/chunks/0ia0_next_dist_0s2j5~~._.js:2431
[  174569ms] [LOG] [Fast Refresh] rebuilding @ http://localhost:3000/_next/static/chunks/0ia0_next_dist_0s2j5~~._.js:2431
[  174586ms] [LOG] [Fast Refresh] done in 118ms @ http://localhost:3000/_next/static/chunks/0ia0_next_dist_0s2j5~~._.js:2431
[  207160ms] [LOG] [Fast Refresh] rebuilding @ http://localhost:3000/_next/static/chunks/0ia0_next_dist_0s2j5~~._.js:2431
[  207277ms] [LOG] [Fast Refresh] done in 220ms @ http://localhost:3000/_next/static/chunks/0ia0_next_dist_0s2j5~~._.js:2431
[  224787ms] [LOG] [Fast Refresh] rebuilding @ http://localhost:3000/_next/static/chunks/0ia0_next_dist_0s2j5~~._.js:2431
[  224826ms] [LOG] [Fast Refresh] done in 141ms @ http://localhost:3000/_next/static/chunks/0ia0_next_dist_0s2j5~~._.js:2431
[  245228ms] [LOG] [Fast Refresh] rebuilding @ http://localhost:3000/_next/static/chunks/0ia0_next_dist_0s2j5~~._.js:2431
[  245582ms] [LOG] [Fast Refresh] done in 389ms @ http://localhost:3000/_next/static/chunks/0ia0_next_dist_0s2j5~~._.js:2431
[  260014ms] [LOG] [Fast Refresh] rebuilding @ http://localhost:3000/_next/static/chunks/0ia0_next_dist_0s2j5~~._.js:2431
[  260481ms] [LOG] [Fast Refresh] done in 462ms @ http://localhost:3000/_next/static/chunks/0ia0_next_dist_0s2j5~~._.js:2431
[  273247ms] [LOG] [Fast Refresh] rebuilding @ http://localhost:3000/_next/static/chunks/0ia0_next_dist_0s2j5~~._.js:2431
[  274589ms] [LOG] [Fast Refresh] done in 1442ms @ http://localhost:3000/_next/static/chunks/0ia0_next_dist_0s2j5~~._.js:2431
[  281493ms] [LOG] [Fast Refresh] rebuilding @ http://localhost:3000/_next/static/chunks/0ia0_next_dist_0s2j5~~._.js:2431
[  281661ms] [LOG] [Fast Refresh] done in 270ms @ http://localhost:3000/_next/static/chunks/0ia0_next_dist_0s2j5~~._.js:2431
[  287076ms] [LOG] [Fast Refresh] rebuilding @ http://localhost:3000/_next/static/chunks/0ia0_next_dist_0s2j5~~._.js:2431
[  287137ms] [LOG] [Fast Refresh] done in 161ms @ http://localhost:3000/_next/static/chunks/0ia0_next_dist_0s2j5~~._.js:2431
